<?xml version="1.0" encoding="UTF-8"?>
<!-- Generated by org.testng.reporters.JUnitXMLReporter -->
<testsuite ignored="0" hostname="Gurleen-96" failures="0" tests="4" name="Default test" time="32.842" errors="0" timestamp="2024-06-24T18:34:08 GMT-04:00">
  <testcase classname="com.navneenAutomationLabs.PageTests.MyWishListPageTest" name="addLaptopToTheWishList" time="1.948"/>
  <testcase classname="com.navneenAutomationLabs.PageTests.MyWishListPageTest" name="addMacbookToTheWishList" time="1.717"/>
  <testcase classname="com.navneenAutomationLabs.PageTests.MyWishListPageTest" name="removeLaptopFromTheWishList" time="1.595"/>
  <testcase classname="com.navneenAutomationLabs.PageTests.MyWishListPageTest" name="removeMacbookFromTheWishList" time="1.654"/>
</testsuite> <!-- Default test -->
