<?xml version="1.0" encoding="UTF-8"?>
<!-- Generated by org.testng.reporters.JUnitXMLReporter -->
<testsuite ignored="0" hostname="Gurleen-96" failures="0" tests="2" name="Default test" time="24.122" errors="0" timestamp="2024-07-08T15:17:35 GMT-04:00">
  <testcase classname="com.naveenAutomationLabs.PageTests.AddressBookPageTest" name="addNewAddressToAddressBookEntries" time="6.54"/>
  <testcase classname="com.naveenAutomationLabs.PageTests.AddressBookPageTest" name="deleteAddressFromAddressBookEntries" time="1.776"/>
</testsuite> <!-- Default test -->
