<?xml version="1.0" encoding="UTF-8"?>
<testng-results ignored="0" total="2" passed="1" failed="1" skipped="0">
  <reporter-output>
  </reporter-output>
  <suite started-at="2024-07-08T17:47:55 GMT-04:00" name="Default suite" finished-at="2024-07-08T17:48:10 GMT-04:00" duration-ms="14569">
    <groups>
    </groups>
    <test started-at="2024-07-08T17:47:55 GMT-04:00" name="Default test" finished-at="2024-07-08T17:48:10 GMT-04:00" duration-ms="14569">
      <class name="com.naveenAutomationLabs.PageTests.RegisterAccountPageTest">
        <test-method is-config="true" signature="setUpLogger()[pri:0, instance:com.naveenAutomationLabs.PageTests.RegisterAccountPageTest@644baf4a]" started-at="2024-07-08T17:47:55 GMT-04:00" name="setUpLogger" finished-at="2024-07-08T17:47:55 GMT-04:00" duration-ms="105" status="PASS">
          <reporter-output>
          </reporter-output>
        </test-method> <!-- setUpLogger -->
        <test-method is-config="true" signature="setup()[pri:0, instance:com.naveenAutomationLabs.PageTests.RegisterAccountPageTest@644baf4a]" started-at="2024-07-08T17:47:55 GMT-04:00" name="setup" finished-at="2024-07-08T17:47:59 GMT-04:00" duration-ms="4348" status="PASS">
          <reporter-output>
          </reporter-output>
        </test-method> <!-- setup -->
        <test-method signature="createNewAccountWithNoSubscribingNewsletter()[pri:0, instance:com.naveenAutomationLabs.PageTests.RegisterAccountPageTest@644baf4a]" started-at="2024-07-08T17:47:59 GMT-04:00" name="createNewAccountWithNoSubscribingNewsletter" finished-at="2024-07-08T17:48:03 GMT-04:00" duration-ms="3422" status="PASS">
          <reporter-output>
          </reporter-output>
        </test-method> <!-- createNewAccountWithNoSubscribingNewsletter -->
        <test-method is-config="true" signature="closeBrowser()[pri:0, instance:com.naveenAutomationLabs.PageTests.RegisterAccountPageTest@644baf4a]" started-at="2024-07-08T17:48:03 GMT-04:00" name="closeBrowser" finished-at="2024-07-08T17:48:03 GMT-04:00" duration-ms="254" status="PASS">
          <reporter-output>
          </reporter-output>
        </test-method> <!-- closeBrowser -->
        <test-method is-config="true" signature="setup()[pri:0, instance:com.naveenAutomationLabs.PageTests.RegisterAccountPageTest@644baf4a]" started-at="2024-07-08T17:48:03 GMT-04:00" name="setup" finished-at="2024-07-08T17:48:07 GMT-04:00" duration-ms="3370" status="PASS">
          <reporter-output>
          </reporter-output>
        </test-method> <!-- setup -->
        <test-method signature="createNewAccountWithSubscribingNewsletter()[pri:0, instance:com.naveenAutomationLabs.PageTests.RegisterAccountPageTest@644baf4a]" started-at="2024-07-08T17:48:07 GMT-04:00" name="createNewAccountWithSubscribingNewsletter" finished-at="2024-07-08T17:48:09 GMT-04:00" duration-ms="2782" status="FAIL">
          <exception class="java.lang.AssertionError">
            <message>
              <![CDATA[expected [Congratulations! Your new account has been successfully created!] but found [If you already have an account with us, please login at the login page.]]]>
            </message>
            <full-stacktrace>
              <![CDATA[java.lang.AssertionError: expected [Congratulations! Your new account has been successfully created!] but found [If you already have an account with us, please login at the login page.]
at org.testng.Assert.fail(Assert.java:110)
at org.testng.Assert.failNotEquals(Assert.java:1413)
at org.testng.Assert.assertEqualsImpl(Assert.java:149)
at org.testng.Assert.assertEquals(Assert.java:131)
at org.testng.Assert.assertEquals(Assert.java:655)
at org.testng.Assert.assertEquals(Assert.java:665)
at com.naveenAutomationLabs.PageTests.RegisterAccountPageTest.createNewAccountWithSubscribingNewsletter(RegisterAccountPageTest.java:33)
at java.base/jdk.internal.reflect.NativeMethodAccessorImpl.invoke0(Native Method)
at java.base/jdk.internal.reflect.NativeMethodAccessorImpl.invoke(NativeMethodAccessorImpl.java:77)
at java.base/jdk.internal.reflect.DelegatingMethodAccessorImpl.invoke(DelegatingMethodAccessorImpl.java:43)
at java.base/java.lang.reflect.Method.invoke(Method.java:568)
at org.testng.internal.invokers.MethodInvocationHelper.invokeMethod(MethodInvocationHelper.java:135)
at org.testng.internal.invokers.TestInvoker.invokeMethod(TestInvoker.java:673)
at org.testng.internal.invokers.TestInvoker.invokeTestMethod(TestInvoker.java:220)
at org.testng.internal.invokers.MethodRunner.runInSequence(MethodRunner.java:50)
at org.testng.internal.invokers.TestInvoker$MethodInvocationAgent.invoke(TestInvoker.java:945)
at org.testng.internal.invokers.TestInvoker.invokeTestMethods(TestInvoker.java:193)
at org.testng.internal.invokers.TestMethodWorker.invokeTestMethods(TestMethodWorker.java:146)
at org.testng.internal.invokers.TestMethodWorker.run(TestMethodWorker.java:128)
at java.base/java.util.ArrayList.forEach(ArrayList.java:1511)
at org.testng.TestRunner.privateRun(TestRunner.java:808)
at org.testng.TestRunner.run(TestRunner.java:603)
at org.testng.SuiteRunner.runTest(SuiteRunner.java:429)
at org.testng.SuiteRunner.runSequentially(SuiteRunner.java:423)
at org.testng.SuiteRunner.privateRun(SuiteRunner.java:383)
at org.testng.SuiteRunner.run(SuiteRunner.java:326)
at org.testng.SuiteRunnerWorker.runSuite(SuiteRunnerWorker.java:52)
at org.testng.SuiteRunnerWorker.run(SuiteRunnerWorker.java:95)
at org.testng.TestNG.runSuitesSequentially(TestNG.java:1249)
at org.testng.TestNG.runSuitesLocally(TestNG.java:1169)
at org.testng.TestNG.runSuites(TestNG.java:1092)
at org.testng.TestNG.run(TestNG.java:1060)
at org.testng.remote.AbstractRemoteTestNG.run(AbstractRemoteTestNG.java:115)
at org.testng.remote.RemoteTestNG.initAndRun(RemoteTestNG.java:293)
at org.testng.remote.RemoteTestNG.main(RemoteTestNG.java:91)
]]>
            </full-stacktrace>
          </exception> <!-- java.lang.AssertionError -->
          <reporter-output>
          </reporter-output>
        </test-method> <!-- createNewAccountWithSubscribingNewsletter -->
        <test-method is-config="true" signature="closeBrowser()[pri:0, instance:com.naveenAutomationLabs.PageTests.RegisterAccountPageTest@644baf4a]" started-at="2024-07-08T17:48:09 GMT-04:00" name="closeBrowser" finished-at="2024-07-08T17:48:10 GMT-04:00" duration-ms="252" status="PASS">
          <reporter-output>
          </reporter-output>
        </test-method> <!-- closeBrowser -->
      </class> <!-- com.naveenAutomationLabs.PageTests.RegisterAccountPageTest -->
    </test> <!-- Default test -->
  </suite> <!-- Default suite -->
</testng-results>
